  Validating architecture
  Validating sources
  Copying sources remotely
  Starting remote build
  Compiling sources:
  Backtest.cpp
C:\Users\shami\Desktop\bahamas\BahamasSystem\BahamasSystem\PriceManager.h(18,47): warning : no return statement in function returning non-void [-Wreturn-type]
C:\Users\shami\Desktop\bahamas\BahamasSystem\BahamasSystem\PriceManager.h(19,22): warning : no return statement in function returning non-void [-Wreturn-type]
C:\Users\shami\Desktop\bahamas\BahamasSystem\BahamasSystem\Strategy.h(17,29): warning : ‘Strategy::eventsQueue’ will be initialized after [-Wreorder]
C:\Users\shami\Desktop\bahamas\BahamasSystem\BahamasSystem\Strategy.h(11,33): warning : ‘const std::vector<std::__cxx11::basic_string<char> > Strategy::tickers’ [-Wreorder]
C:\Users\shami\Desktop\bahamas\BahamasSystem\BahamasSystem\Strategy.h(13,2): warning : when initialized here [-Wreorder]
C:\Users\shami\Desktop\bahamas\BahamasSystem\BahamasSystem\Strategy.h(27,29): warning : comparison between signed and unsigned integer expressions [-Wsign-compare]
C:\Users\shami\Desktop\bahamas\BahamasSystem\BahamasSystem\Strategy.h(40,30): warning : comparison between signed and unsigned integer expressions [-Wsign-compare]
C:\Users\shami\Desktop\bahamas\BahamasSystem\BahamasSystem\Strategy.h(89,33): warning : conversion to ‘double’ from ‘std::deque<BarEvent>::size_type {aka long unsigned int}’ may alter its value [-Wconversion]
C:\Users\shami\Desktop\bahamas\BahamasSystem\BahamasSystem\Strategy.h(101,29): warning : comparison between signed and unsigned integer expressions [-Wsign-compare]
C:\Users\shami\Desktop\bahamas\BahamasSystem\BahamasSystem\Strategy.h(147,33): warning : conversion to ‘double’ from ‘std::deque<BarEvent>::size_type {aka long unsigned int}’ may alter its value [-Wconversion]
C:\Users\shami\Desktop\bahamas\BahamasSystem\BahamasSystem\Backtest.cpp(18,6): warning : unused variable ‘c’ [-Wunused-variable]
  BahamasSystem.cpp
C:\Users\shami\Desktop\bahamas\BahamasSystem\BahamasSystem\PriceManager.h(18,47): warning : no return statement in function returning non-void [-Wreturn-type]
C:\Users\shami\Desktop\bahamas\BahamasSystem\BahamasSystem\PriceManager.h(19,22): warning : no return statement in function returning non-void [-Wreturn-type]
C:\Users\shami\Desktop\bahamas\BahamasSystem\BahamasSystem\Strategy.h(17,29): warning : ‘Strategy::eventsQueue’ will be initialized after [-Wreorder]
C:\Users\shami\Desktop\bahamas\BahamasSystem\BahamasSystem\Strategy.h(11,33): warning : ‘const std::vector<std::__cxx11::basic_string<char> > Strategy::tickers’ [-Wreorder]
C:\Users\shami\Desktop\bahamas\BahamasSystem\BahamasSystem\Strategy.h(13,2): warning : when initialized here [-Wreorder]
C:\Users\shami\Desktop\bahamas\BahamasSystem\BahamasSystem\Strategy.h(27,29): warning : comparison between signed and unsigned integer expressions [-Wsign-compare]
C:\Users\shami\Desktop\bahamas\BahamasSystem\BahamasSystem\Strategy.h(40,30): warning : comparison between signed and unsigned integer expressions [-Wsign-compare]
C:\Users\shami\Desktop\bahamas\BahamasSystem\BahamasSystem\Strategy.h(89,33): warning : conversion to ‘double’ from ‘std::deque<BarEvent>::size_type {aka long unsigned int}’ may alter its value [-Wconversion]
C:\Users\shami\Desktop\bahamas\BahamasSystem\BahamasSystem\Strategy.h(101,29): warning : comparison between signed and unsigned integer expressions [-Wsign-compare]
C:\Users\shami\Desktop\bahamas\BahamasSystem\BahamasSystem\Strategy.h(147,33): warning : conversion to ‘double’ from ‘std::deque<BarEvent>::size_type {aka long unsigned int}’ may alter its value [-Wconversion]
C:\Users\shami\Desktop\bahamas\BahamasSystem\BahamasSystem\DataImporter.h(53,26): warning : conversion to ‘char’ from ‘std::basic_istream<char>::int_type {aka int}’ may alter its value [-Wconversion]
C:\Users\shami\Desktop\bahamas\BahamasSystem\BahamasSystem\GoogleAPIPriceManager.h(95,29): warning : ‘GoogleAPIPriceHandler::eventsQueue’ will be initialized after [-Wreorder]
C:\Users\shami\Desktop\bahamas\BahamasSystem\BahamasSystem\GoogleAPIPriceManager.h(93,28): warning : ‘std::vector<std::__cxx11::basic_string<char> >& GoogleAPIPriceHandler::tickers’ [-Wreorder]
C:\Users\shami\Desktop\bahamas\BahamasSystem\BahamasSystem\GoogleAPIPriceManager.h(25,2): warning : when initialized here [-Wreorder]
C:\Users\shami\Desktop\bahamas\BahamasSystem\BahamasSystem\GoogleAPIPriceManager.h(117,31): warning : conversion to ‘uint16_t {aka short unsigned int}’ from ‘int’ may alter its value [-Wconversion]
C:\Users\shami\Desktop\bahamas\BahamasSystem\BahamasSystem\GoogleAPIPriceManager.h(155,21): warning : comparison between signed and unsigned integer expressions [-Wsign-compare]
C:\Users\shami\Desktop\bahamas\BahamasSystem\BahamasSystem\GoogleAPIPriceManager.h(162,17): warning : comparison between signed and unsigned integer expressions [-Wsign-compare]
C:\Users\shami\Desktop\bahamas\BahamasSystem\BahamasSystem\GoogleAPIPriceManager.h(209,7): warning : unused variable ‘year’ [-Wunused-variable]
C:\Users\shami\Desktop\bahamas\BahamasSystem\BahamasSystem\GoogleAPIPriceManager.h(209,39): warning : unused variable ‘month’ [-Wunused-variable]
C:\Users\shami\Desktop\bahamas\BahamasSystem\BahamasSystem\GoogleAPIPriceManager.h(209,94): warning : unused variable ‘hour’ [-Wunused-variable]
C:\Users\shami\Desktop\bahamas\BahamasSystem\BahamasSystem\GoogleAPIPriceManager.h(209,105): warning : unused variable ‘min’ [-Wunused-variable]
C:\Users\shami\Desktop\bahamas\BahamasSystem\BahamasSystem\GoogleAPIPriceManager.h(209,115): warning : unused variable ‘sec’ [-Wunused-variable]
  OHLCVPriceManager.cpp
C:\Users\shami\Desktop\bahamas\BahamasSystem\BahamasSystem\DataImporter.h(53,26): warning : conversion to ‘char’ from ‘std::basic_istream<char>::int_type {aka int}’ may alter its value [-Wconversion]
C:\Users\shami\Desktop\bahamas\BahamasSystem\BahamasSystem\PriceManager.h(18,47): warning : no return statement in function returning non-void [-Wreturn-type]
C:\Users\shami\Desktop\bahamas\BahamasSystem\BahamasSystem\PriceManager.h(19,22): warning : no return statement in function returning non-void [-Wreturn-type]
C:\Users\shami\Desktop\bahamas\BahamasSystem\BahamasSystem\OHLCVPriceManager.cpp(20,16): warning : comparison between signed and unsigned integer expressions [-Wsign-compare]
C:\Users\shami\Desktop\bahamas\BahamasSystem\BahamasSystem\DataImporter.h(85,2): warning : control reaches end of non-void function [-Wreturn-type]
  Portfolio.cpp
C:\Users\shami\Desktop\bahamas\BahamasSystem\BahamasSystem\PriceManager.h(18,47): warning : no return statement in function returning non-void [-Wreturn-type]
C:\Users\shami\Desktop\bahamas\BahamasSystem\BahamasSystem\PriceManager.h(19,22): warning : no return statement in function returning non-void [-Wreturn-type]
  PortfolioHandler.cpp
C:\Users\shami\Desktop\bahamas\BahamasSystem\BahamasSystem\PriceManager.h(18,47): warning : no return statement in function returning non-void [-Wreturn-type]
C:\Users\shami\Desktop\bahamas\BahamasSystem\BahamasSystem\PriceManager.h(19,22): warning : no return statement in function returning non-void [-Wreturn-type]
C:\Users\shami\Desktop\bahamas\BahamasSystem\BahamasSystem\PortfolioHandler.h(31,29): warning : ‘PortfolioManager::eventsQueue’ will be initialized after [-Wreorder]
C:\Users\shami\Desktop\bahamas\BahamasSystem\BahamasSystem\PortfolioHandler.h(28,12): warning : ‘Portfolio PortfolioManager::portfolio’ [-Wreorder]
C:\Users\shami\Desktop\bahamas\BahamasSystem\BahamasSystem\PortfolioHandler.cpp(10,1): warning : when initialized here [-Wreorder]
  Position.cpp
  OrderSizer.cpp
  RiskManager.cpp
  Linking objects
  BahamasSystem.vcxproj -> C:\Users\shami\Desktop\bahamas\BahamasSystem\BahamasSystem\bin\x64\Debug\BahamasSystem.out
